
optiboot_atmega328_384_8.elf:     file format elf32-avr

Sections:
Idx Name          Size      VMA       LMA       File off  Algn
  0 .data         00000000  00800100  00007ffc  00000270  2**0
                  CONTENTS, ALLOC, LOAD, DATA
  1 .text         000001fc  00007e00  00007e00  00000074  2**1
                  CONTENTS, ALLOC, LOAD, READONLY, CODE
  2 .version      00000002  00007ffe  00007ffe  00000270  2**0
                  CONTENTS, READONLY
  3 .stab         00000c24  00000000  00000000  00000274  2**2
                  CONTENTS, READONLY, DEBUGGING
  4 .stabstr      00000d45  00000000  00000000  00000e98  2**0
                  CONTENTS, READONLY, DEBUGGING
  5 .comment      00000021  00000000  00000000  00001bdd  2**0
                  CONTENTS, READONLY

Disassembly of section .text:

00007e00 <main>:
    7e00:	11 24       	eor	r1, r1
    7e02:	84 b7       	in	r24, 0x34	; 52
    7e04:	14 be       	out	0x34, r1	; 52
    7e06:	81 ff       	sbrs	r24, 1
    7e08:	f1 d0       	rcall	.+482    	; 0x7fec <appStart>
    7e0a:	82 e0       	ldi	r24, 0x02	; 2
    7e0c:	80 93 c0 00 	sts	0x00C0, r24
    7e10:	88 e1       	ldi	r24, 0x18	; 24
    7e12:	80 93 c1 00 	sts	0x00C1, r24
    7e16:	96 e0       	ldi	r25, 0x06	; 6
    7e18:	90 93 c2 00 	sts	0x00C2, r25
    7e1c:	99 e1       	ldi	r25, 0x19	; 25
    7e1e:	90 93 c4 00 	sts	0x00C4, r25
    7e22:	80 93 60 00 	sts	0x0060, r24
    7e26:	8e e0       	ldi	r24, 0x0E	; 14
    7e28:	80 93 60 00 	sts	0x0060, r24
    7e2c:	25 9a       	sbi	0x04, 5	; 4
    7e2e:	61 2c       	mov	r6, r1
    7e30:	71 2c       	mov	r7, r1
    7e32:	08 e1       	ldi	r16, 0x18	; 24
    7e34:	38 e0       	ldi	r19, 0x08	; 8
    7e36:	f3 2e       	mov	r15, r19
    7e38:	ee 24       	eor	r14, r14
    7e3a:	e3 94       	inc	r14
    7e3c:	45 e0       	ldi	r20, 0x05	; 5
    7e3e:	d4 2e       	mov	r13, r20
    7e40:	51 e1       	ldi	r21, 0x11	; 17
    7e42:	c5 2e       	mov	r12, r21
    7e44:	13 e0       	ldi	r17, 0x03	; 3
    7e46:	ad d0       	rcall	.+346    	; 0x7fa2 <getch>
    7e48:	81 34       	cpi	r24, 0x41	; 65
    7e4a:	89 f4       	brne	.+34     	; 0x7e6e <main+0x6e>
    7e4c:	aa d0       	rcall	.+340    	; 0x7fa2 <getch>
    7e4e:	89 83       	std	Y+1, r24	; 0x01
    7e50:	b4 d0       	rcall	.+360    	; 0x7fba <verifySpace>
    7e52:	89 81       	ldd	r24, Y+1	; 0x01
    7e54:	82 38       	cpi	r24, 0x82	; 130
    7e56:	19 f4       	brne	.+6      	; 0x7e5e <main+0x5e>
    7e58:	84 e0       	ldi	r24, 0x04	; 4
    7e5a:	9c d0       	rcall	.+312    	; 0x7f94 <putch>
    7e5c:	98 c0       	rjmp	.+304    	; 0x7f8e <main+0x18e>
    7e5e:	81 38       	cpi	r24, 0x81	; 129
    7e60:	19 f4       	brne	.+6      	; 0x7e68 <main+0x68>
    7e62:	84 e0       	ldi	r24, 0x04	; 4
    7e64:	97 d0       	rcall	.+302    	; 0x7f94 <putch>
    7e66:	93 c0       	rjmp	.+294    	; 0x7f8e <main+0x18e>
    7e68:	83 e0       	ldi	r24, 0x03	; 3
    7e6a:	94 d0       	rcall	.+296    	; 0x7f94 <putch>
    7e6c:	90 c0       	rjmp	.+288    	; 0x7f8e <main+0x18e>
    7e6e:	82 34       	cpi	r24, 0x42	; 66
    7e70:	19 f4       	brne	.+6      	; 0x7e78 <main+0x78>
    7e72:	84 e1       	ldi	r24, 0x14	; 20
    7e74:	ae d0       	rcall	.+348    	; 0x7fd2 <getNch>
    7e76:	8b c0       	rjmp	.+278    	; 0x7f8e <main+0x18e>
    7e78:	85 34       	cpi	r24, 0x45	; 69
    7e7a:	19 f4       	brne	.+6      	; 0x7e82 <main+0x82>
    7e7c:	85 e0       	ldi	r24, 0x05	; 5
    7e7e:	a9 d0       	rcall	.+338    	; 0x7fd2 <getNch>
    7e80:	86 c0       	rjmp	.+268    	; 0x7f8e <main+0x18e>
    7e82:	85 35       	cpi	r24, 0x55	; 85
    7e84:	51 f4       	brne	.+20     	; 0x7e9a <main+0x9a>
    7e86:	8d d0       	rcall	.+282    	; 0x7fa2 <getch>
    7e88:	b8 2e       	mov	r11, r24
    7e8a:	8b d0       	rcall	.+278    	; 0x7fa2 <getch>
    7e8c:	6b 2c       	mov	r6, r11
    7e8e:	71 2c       	mov	r7, r1
    7e90:	78 2a       	or	r7, r24
    7e92:	66 0c       	add	r6, r6
    7e94:	77 1c       	adc	r7, r7
    7e96:	91 d0       	rcall	.+290    	; 0x7fba <verifySpace>
    7e98:	7a c0       	rjmp	.+244    	; 0x7f8e <main+0x18e>
    7e9a:	86 35       	cpi	r24, 0x56	; 86
    7e9c:	29 f4       	brne	.+10     	; 0x7ea8 <main+0xa8>
    7e9e:	84 e0       	ldi	r24, 0x04	; 4
    7ea0:	98 d0       	rcall	.+304    	; 0x7fd2 <getNch>
    7ea2:	80 e0       	ldi	r24, 0x00	; 0
    7ea4:	77 d0       	rcall	.+238    	; 0x7f94 <putch>
    7ea6:	73 c0       	rjmp	.+230    	; 0x7f8e <main+0x18e>
    7ea8:	84 36       	cpi	r24, 0x64	; 100
    7eaa:	09 f0       	breq	.+2      	; 0x7eae <main+0xae>
    7eac:	43 c0       	rjmp	.+134    	; 0x7f34 <main+0x134>
    7eae:	79 d0       	rcall	.+242    	; 0x7fa2 <getch>
    7eb0:	78 d0       	rcall	.+240    	; 0x7fa2 <getch>
    7eb2:	98 2e       	mov	r9, r24
    7eb4:	76 d0       	rcall	.+236    	; 0x7fa2 <getch>
    7eb6:	61 14       	cp	r6, r1
    7eb8:	80 e7       	ldi	r24, 0x70	; 112
    7eba:	78 06       	cpc	r7, r24
    7ebc:	38 f4       	brcc	.+14     	; 0x7ecc <main+0xcc>
    7ebe:	f3 01       	movw	r30, r6
    7ec0:	17 bf       	out	0x37, r17	; 55
    7ec2:	e8 95       	spm
    7ec4:	a1 2c       	mov	r10, r1
    7ec6:	bb 24       	eor	r11, r11
    7ec8:	b3 94       	inc	r11
    7eca:	03 c0       	rjmp	.+6      	; 0x7ed2 <main+0xd2>
    7ecc:	a1 2c       	mov	r10, r1
    7ece:	bb 24       	eor	r11, r11
    7ed0:	b3 94       	inc	r11
    7ed2:	67 d0       	rcall	.+206    	; 0x7fa2 <getch>
    7ed4:	f5 01       	movw	r30, r10
    7ed6:	81 93       	st	Z+, r24
    7ed8:	5f 01       	movw	r10, r30
    7eda:	9e 12       	cpse	r9, r30
    7edc:	fa cf       	rjmp	.-12     	; 0x7ed2 <main+0xd2>
    7ede:	61 14       	cp	r6, r1
    7ee0:	f0 e7       	ldi	r31, 0x70	; 112
    7ee2:	7f 06       	cpc	r7, r31
    7ee4:	18 f0       	brcs	.+6      	; 0x7eec <main+0xec>
    7ee6:	f3 01       	movw	r30, r6
    7ee8:	17 bf       	out	0x37, r17	; 55
    7eea:	e8 95       	spm
    7eec:	66 d0       	rcall	.+204    	; 0x7fba <verifySpace>
    7eee:	07 b6       	in	r0, 0x37	; 55
    7ef0:	00 fc       	sbrc	r0, 0
    7ef2:	fd cf       	rjmp	.-6      	; 0x7eee <main+0xee>
    7ef4:	a3 01       	movw	r20, r6
    7ef6:	a0 e0       	ldi	r26, 0x00	; 0
    7ef8:	b1 e0       	ldi	r27, 0x01	; 1
    7efa:	8c 91       	ld	r24, X
    7efc:	12 96       	adiw	r26, 0x02	; 2
    7efe:	9d 01       	movw	r18, r26
    7f00:	21 50       	subi	r18, 0x01	; 1
    7f02:	31 09       	sbc	r19, r1
    7f04:	f9 01       	movw	r30, r18
    7f06:	20 81       	ld	r18, Z
    7f08:	90 e0       	ldi	r25, 0x00	; 0
    7f0a:	92 2b       	or	r25, r18
    7f0c:	fa 01       	movw	r30, r20
    7f0e:	0c 01       	movw	r0, r24
    7f10:	e7 be       	out	0x37, r14	; 55
    7f12:	e8 95       	spm
    7f14:	11 24       	eor	r1, r1
    7f16:	4e 5f       	subi	r20, 0xFE	; 254
    7f18:	5f 4f       	sbci	r21, 0xFF	; 255
    7f1a:	a0 38       	cpi	r26, 0x80	; 128
    7f1c:	f1 e0       	ldi	r31, 0x01	; 1
    7f1e:	bf 07       	cpc	r27, r31
    7f20:	61 f7       	brne	.-40     	; 0x7efa <main+0xfa>
    7f22:	f3 01       	movw	r30, r6
    7f24:	d7 be       	out	0x37, r13	; 55
    7f26:	e8 95       	spm
    7f28:	07 b6       	in	r0, 0x37	; 55
    7f2a:	00 fc       	sbrc	r0, 0
    7f2c:	fd cf       	rjmp	.-6      	; 0x7f28 <main+0x128>
    7f2e:	c7 be       	out	0x37, r12	; 55
    7f30:	e8 95       	spm
    7f32:	2d c0       	rjmp	.+90     	; 0x7f8e <main+0x18e>
    7f34:	84 37       	cpi	r24, 0x74	; 116
    7f36:	c1 f4       	brne	.+48     	; 0x7f68 <main+0x168>
    7f38:	34 d0       	rcall	.+104    	; 0x7fa2 <getch>
    7f3a:	33 d0       	rcall	.+102    	; 0x7fa2 <getch>
    7f3c:	98 2e       	mov	r9, r24
    7f3e:	31 d0       	rcall	.+98     	; 0x7fa2 <getch>
    7f40:	3c d0       	rcall	.+120    	; 0x7fba <verifySpace>
    7f42:	f3 01       	movw	r30, r6
    7f44:	86 2c       	mov	r8, r6
    7f46:	89 0c       	add	r8, r9
    7f48:	5f 01       	movw	r10, r30
    7f4a:	8f ef       	ldi	r24, 0xFF	; 255
    7f4c:	a8 1a       	sub	r10, r24
    7f4e:	b8 0a       	sbc	r11, r24
    7f50:	84 91       	lpm	r24, Z
    7f52:	20 d0       	rcall	.+64     	; 0x7f94 <putch>
    7f54:	f5 01       	movw	r30, r10
    7f56:	8a 10       	cpse	r8, r10
    7f58:	f7 cf       	rjmp	.-18     	; 0x7f48 <main+0x148>
    7f5a:	ef ef       	ldi	r30, 0xFF	; 255
    7f5c:	6e 1a       	sub	r6, r30
    7f5e:	7e 0a       	sbc	r7, r30
    7f60:	9a 94       	dec	r9
    7f62:	69 0c       	add	r6, r9
    7f64:	71 1c       	adc	r7, r1
    7f66:	13 c0       	rjmp	.+38     	; 0x7f8e <main+0x18e>
    7f68:	85 37       	cpi	r24, 0x75	; 117
    7f6a:	41 f4       	brne	.+16     	; 0x7f7c <main+0x17c>
    7f6c:	26 d0       	rcall	.+76     	; 0x7fba <verifySpace>
    7f6e:	8e e1       	ldi	r24, 0x1E	; 30
    7f70:	11 d0       	rcall	.+34     	; 0x7f94 <putch>
    7f72:	85 e9       	ldi	r24, 0x95	; 149
    7f74:	0f d0       	rcall	.+30     	; 0x7f94 <putch>
    7f76:	8f e0       	ldi	r24, 0x0F	; 15
    7f78:	0d d0       	rcall	.+26     	; 0x7f94 <putch>
    7f7a:	09 c0       	rjmp	.+18     	; 0x7f8e <main+0x18e>
    7f7c:	81 35       	cpi	r24, 0x51	; 81
    7f7e:	31 f4       	brne	.+12     	; 0x7f8c <main+0x18c>
    7f80:	00 93 60 00 	sts	0x0060, r16
    7f84:	f0 92 60 00 	sts	0x0060, r15
    7f88:	18 d0       	rcall	.+48     	; 0x7fba <verifySpace>
    7f8a:	01 c0       	rjmp	.+2      	; 0x7f8e <main+0x18e>
    7f8c:	16 d0       	rcall	.+44     	; 0x7fba <verifySpace>
    7f8e:	80 e1       	ldi	r24, 0x10	; 16
    7f90:	01 d0       	rcall	.+2      	; 0x7f94 <putch>
    7f92:	59 cf       	rjmp	.-334    	; 0x7e46 <main+0x46>

00007f94 <putch>:
  }
}

void putch(char ch) {
#ifndef SOFT_UART
  while (!(UCSR0A & _BV(UDRE0)));
    7f94:	90 91 c0 00 	lds	r25, 0x00C0
    7f98:	95 ff       	sbrs	r25, 5
    7f9a:	fc cf       	rjmp	.-8      	; 0x7f94 <putch>
  UDR0 = ch;
    7f9c:	80 93 c6 00 	sts	0x00C6, r24
    7fa0:	08 95       	ret

00007fa2 <getch>:
      [uartBit] "I" (UART_RX_BIT)
    :
      "r25"
);
#else
  while(!(UCSR0A & _BV(RXC0)))
    7fa2:	80 91 c0 00 	lds	r24, 0x00C0
    7fa6:	87 ff       	sbrs	r24, 7
    7fa8:	fc cf       	rjmp	.-8      	; 0x7fa2 <getch>
    ;
  if (!(UCSR0A & _BV(FE0))) {
    7faa:	80 91 c0 00 	lds	r24, 0x00C0
    7fae:	84 fd       	sbrc	r24, 4
    7fb0:	01 c0       	rjmp	.+2      	; 0x7fb4 <getch+0x12>
}
#endif

// Watchdog functions. These are only safe with interrupts turned off.
void watchdogReset() {
  __asm__ __volatile__ (
    7fb2:	a8 95       	wdr
       * don't care that an invalid char is returned...)
       */
    watchdogReset();
  }
  
  ch = UDR0;
    7fb4:	80 91 c6 00 	lds	r24, 0x00C6
  LED_PIN |= _BV(LED);
#endif
#endif

  return ch;
}
    7fb8:	08 95       	ret

00007fba <verifySpace>:
  do getch(); while (--count);
  verifySpace();
}

void verifySpace() {
  if (getch() != CRC_EOP) {
    7fba:	f3 df       	rcall	.-26     	; 0x7fa2 <getch>
    7fbc:	80 32       	cpi	r24, 0x20	; 32
    7fbe:	39 f0       	breq	.+14     	; 0x7fce <verifySpace+0x14>
    7fc0:	88 e1       	ldi	r24, 0x18	; 24
    "wdr\n"
  );
}

void watchdogConfig(uint8_t x) {
  WDTCSR = _BV(WDCE) | _BV(WDE);
    7fc2:	80 93 60 00 	sts	0x0060, r24
    7fc6:	88 e0       	ldi	r24, 0x08	; 8
  WDTCSR = x;
    7fc8:	80 93 60 00 	sts	0x0060, r24
    7fcc:	ff cf       	rjmp	.-2      	; 0x7fcc <verifySpace+0x12>

void verifySpace() {
  if (getch() != CRC_EOP) {
    watchdogConfig(WATCHDOG_16MS);    // shorten WD timeout
    while (1)			      // and busy-loop so that WD causes
      ;				      //  a reset and app start.
    7fce:	84 e1       	ldi	r24, 0x14	; 20
  }
  putch(STK_INSYNC);
    7fd0:	e1 cf       	rjmp	.-62     	; 0x7f94 <putch>

00007fd2 <getNch>:
    ::[count] "M" (UART_B_VALUE)
  );
}
#endif

void getNch(uint8_t count) {
    7fd2:	cf 93       	push	r28
    7fd4:	c8 2f       	mov	r28, r24
  do getch(); while (--count);
    7fd6:	e5 df       	rcall	.-54     	; 0x7fa2 <getch>
    7fd8:	c1 50       	subi	r28, 0x01	; 1
    7fda:	e9 f7       	brne	.-6      	; 0x7fd6 <getNch+0x4>
    7fdc:	cf 91       	pop	r28
  verifySpace();
}
    7fde:	ed cf       	rjmp	.-38     	; 0x7fba <verifySpace>

00007fe0 <watchdogConfig>:
    "wdr\n"
  );
}

void watchdogConfig(uint8_t x) {
  WDTCSR = _BV(WDCE) | _BV(WDE);
    7fe0:	e0 e6       	ldi	r30, 0x60	; 96
    7fe2:	f0 e0       	ldi	r31, 0x00	; 0
    7fe4:	98 e1       	ldi	r25, 0x18	; 24
    7fe6:	90 83       	st	Z, r25
  WDTCSR = x;
    7fe8:	80 83       	st	Z, r24
    7fea:	08 95       	ret

00007fec <appStart>:
    "wdr\n"
  );
}

void watchdogConfig(uint8_t x) {
  WDTCSR = _BV(WDCE) | _BV(WDE);
    7fec:	e0 e6       	ldi	r30, 0x60	; 96
    7fee:	f0 e0       	ldi	r31, 0x00	; 0
    7ff0:	88 e1       	ldi	r24, 0x18	; 24
    7ff2:	80 83       	st	Z, r24
  WDTCSR = x;
    7ff4:	10 82       	st	Z, r1
}

void appStart() {
  watchdogConfig(WATCHDOG_OFF);
  __asm__ __volatile__ (
    7ff6:	ee 27       	eor	r30, r30
    7ff8:	ff 27       	eor	r31, r31
    7ffa:	09 94       	ijmp
