
optiboot_atmega328p.elf:     file format elf32-avr

Sections:
Idx Name          Size      VMA       LMA       File off  Algn
  0 .data         00000000  00800100  00008020  00000294  2**0
                  CONTENTS, ALLOC, LOAD, DATA
  1 .text         00000220  00007e00  00007e00  00000074  2**1
                  CONTENTS, ALLOC, LOAD, READONLY, CODE
  2 .version      00000002  00007ffe  00007ffe  00000294  2**0
                  CONTENTS, READONLY
  3 .stab         00000c84  00000000  00000000  00000298  2**2
                  CONTENTS, READONLY, DEBUGGING
  4 .stabstr      00000d45  00000000  00000000  00000f1c  2**0
                  CONTENTS, READONLY, DEBUGGING
  5 .comment      00000021  00000000  00000000  00001c61  2**0
                  CONTENTS, READONLY

Disassembly of section .text:

00007e00 <main>:
    7e00:	11 24       	eor	r1, r1
    7e02:	84 b7       	in	r24, 0x34	; 52
    7e04:	14 be       	out	0x34, r1	; 52
    7e06:	81 ff       	sbrs	r24, 1
    7e08:	03 d1       	rcall	.+518    	; 0x8010 <appStart>
    7e0a:	85 e0       	ldi	r24, 0x05	; 5
    7e0c:	80 93 81 00 	sts	0x0081, r24
    7e10:	82 e0       	ldi	r24, 0x02	; 2
    7e12:	80 93 c0 00 	sts	0x00C0, r24
    7e16:	88 e1       	ldi	r24, 0x18	; 24
    7e18:	80 93 c1 00 	sts	0x00C1, r24
    7e1c:	96 e0       	ldi	r25, 0x06	; 6
    7e1e:	90 93 c2 00 	sts	0x00C2, r25
    7e22:	98 e0       	ldi	r25, 0x08	; 8
    7e24:	90 93 c4 00 	sts	0x00C4, r25
    7e28:	80 93 60 00 	sts	0x0060, r24
    7e2c:	8e e0       	ldi	r24, 0x0E	; 14
    7e2e:	80 93 60 00 	sts	0x0060, r24
    7e32:	25 9a       	sbi	0x04, 5	; 4
    7e34:	86 e0       	ldi	r24, 0x06	; 6
    7e36:	28 e1       	ldi	r18, 0x18	; 24
    7e38:	3e ef       	ldi	r19, 0xFE	; 254
    7e3a:	91 e0       	ldi	r25, 0x01	; 1
    7e3c:	30 93 85 00 	sts	0x0085, r19
    7e40:	20 93 84 00 	sts	0x0084, r18
    7e44:	96 bb       	out	0x16, r25	; 22
    7e46:	b0 9b       	sbis	0x16, 0	; 22
    7e48:	fe cf       	rjmp	.-4      	; 0x7e46 <main+0x46>
    7e4a:	1d 9a       	sbi	0x03, 5	; 3
    7e4c:	a8 95       	wdr
    7e4e:	81 50       	subi	r24, 0x01	; 1
    7e50:	a9 f7       	brne	.-22     	; 0x7e3c <main+0x3c>
    7e52:	61 2c       	mov	r6, r1
    7e54:	71 2c       	mov	r7, r1
    7e56:	08 e1       	ldi	r16, 0x18	; 24
    7e58:	38 e0       	ldi	r19, 0x08	; 8
    7e5a:	f3 2e       	mov	r15, r19
    7e5c:	ee 24       	eor	r14, r14
    7e5e:	e3 94       	inc	r14
    7e60:	45 e0       	ldi	r20, 0x05	; 5
    7e62:	d4 2e       	mov	r13, r20
    7e64:	51 e1       	ldi	r21, 0x11	; 17
    7e66:	c5 2e       	mov	r12, r21
    7e68:	13 e0       	ldi	r17, 0x03	; 3
    7e6a:	ad d0       	rcall	.+346    	; 0x7fc6 <getch>
    7e6c:	81 34       	cpi	r24, 0x41	; 65
    7e6e:	89 f4       	brne	.+34     	; 0x7e92 <main+0x92>
    7e70:	aa d0       	rcall	.+340    	; 0x7fc6 <getch>
    7e72:	89 83       	std	Y+1, r24	; 0x01
    7e74:	b4 d0       	rcall	.+360    	; 0x7fde <verifySpace>
    7e76:	89 81       	ldd	r24, Y+1	; 0x01
    7e78:	82 38       	cpi	r24, 0x82	; 130
    7e7a:	19 f4       	brne	.+6      	; 0x7e82 <main+0x82>
    7e7c:	84 e0       	ldi	r24, 0x04	; 4
    7e7e:	9c d0       	rcall	.+312    	; 0x7fb8 <putch>
    7e80:	98 c0       	rjmp	.+304    	; 0x7fb2 <main+0x1b2>
    7e82:	81 38       	cpi	r24, 0x81	; 129
    7e84:	19 f4       	brne	.+6      	; 0x7e8c <main+0x8c>
    7e86:	84 e0       	ldi	r24, 0x04	; 4
    7e88:	97 d0       	rcall	.+302    	; 0x7fb8 <putch>
    7e8a:	93 c0       	rjmp	.+294    	; 0x7fb2 <main+0x1b2>
    7e8c:	83 e0       	ldi	r24, 0x03	; 3
    7e8e:	94 d0       	rcall	.+296    	; 0x7fb8 <putch>
    7e90:	90 c0       	rjmp	.+288    	; 0x7fb2 <main+0x1b2>
    7e92:	82 34       	cpi	r24, 0x42	; 66
    7e94:	19 f4       	brne	.+6      	; 0x7e9c <main+0x9c>
    7e96:	84 e1       	ldi	r24, 0x14	; 20
    7e98:	ae d0       	rcall	.+348    	; 0x7ff6 <getNch>
    7e9a:	8b c0       	rjmp	.+278    	; 0x7fb2 <main+0x1b2>
    7e9c:	85 34       	cpi	r24, 0x45	; 69
    7e9e:	19 f4       	brne	.+6      	; 0x7ea6 <main+0xa6>
    7ea0:	85 e0       	ldi	r24, 0x05	; 5
    7ea2:	a9 d0       	rcall	.+338    	; 0x7ff6 <getNch>
    7ea4:	86 c0       	rjmp	.+268    	; 0x7fb2 <main+0x1b2>
    7ea6:	85 35       	cpi	r24, 0x55	; 85
    7ea8:	51 f4       	brne	.+20     	; 0x7ebe <main+0xbe>
    7eaa:	8d d0       	rcall	.+282    	; 0x7fc6 <getch>
    7eac:	b8 2e       	mov	r11, r24
    7eae:	8b d0       	rcall	.+278    	; 0x7fc6 <getch>
    7eb0:	6b 2c       	mov	r6, r11
    7eb2:	71 2c       	mov	r7, r1
    7eb4:	78 2a       	or	r7, r24
    7eb6:	66 0c       	add	r6, r6
    7eb8:	77 1c       	adc	r7, r7
    7eba:	91 d0       	rcall	.+290    	; 0x7fde <verifySpace>
    7ebc:	7a c0       	rjmp	.+244    	; 0x7fb2 <main+0x1b2>
    7ebe:	86 35       	cpi	r24, 0x56	; 86
    7ec0:	29 f4       	brne	.+10     	; 0x7ecc <main+0xcc>
    7ec2:	84 e0       	ldi	r24, 0x04	; 4
    7ec4:	98 d0       	rcall	.+304    	; 0x7ff6 <getNch>
    7ec6:	80 e0       	ldi	r24, 0x00	; 0
    7ec8:	77 d0       	rcall	.+238    	; 0x7fb8 <putch>
    7eca:	73 c0       	rjmp	.+230    	; 0x7fb2 <main+0x1b2>
    7ecc:	84 36       	cpi	r24, 0x64	; 100
    7ece:	09 f0       	breq	.+2      	; 0x7ed2 <main+0xd2>
    7ed0:	43 c0       	rjmp	.+134    	; 0x7f58 <main+0x158>
    7ed2:	79 d0       	rcall	.+242    	; 0x7fc6 <getch>
    7ed4:	78 d0       	rcall	.+240    	; 0x7fc6 <getch>
    7ed6:	98 2e       	mov	r9, r24
    7ed8:	76 d0       	rcall	.+236    	; 0x7fc6 <getch>
    7eda:	61 14       	cp	r6, r1
    7edc:	80 e7       	ldi	r24, 0x70	; 112
    7ede:	78 06       	cpc	r7, r24
    7ee0:	38 f4       	brcc	.+14     	; 0x7ef0 <main+0xf0>
    7ee2:	f3 01       	movw	r30, r6
    7ee4:	17 bf       	out	0x37, r17	; 55
    7ee6:	e8 95       	spm
    7ee8:	a1 2c       	mov	r10, r1
    7eea:	bb 24       	eor	r11, r11
    7eec:	b3 94       	inc	r11
    7eee:	03 c0       	rjmp	.+6      	; 0x7ef6 <main+0xf6>
    7ef0:	a1 2c       	mov	r10, r1
    7ef2:	bb 24       	eor	r11, r11
    7ef4:	b3 94       	inc	r11
    7ef6:	67 d0       	rcall	.+206    	; 0x7fc6 <getch>
    7ef8:	f5 01       	movw	r30, r10
    7efa:	81 93       	st	Z+, r24
    7efc:	5f 01       	movw	r10, r30
    7efe:	9e 12       	cpse	r9, r30
    7f00:	fa cf       	rjmp	.-12     	; 0x7ef6 <main+0xf6>
    7f02:	61 14       	cp	r6, r1
    7f04:	f0 e7       	ldi	r31, 0x70	; 112
    7f06:	7f 06       	cpc	r7, r31
    7f08:	18 f0       	brcs	.+6      	; 0x7f10 <main+0x110>
    7f0a:	f3 01       	movw	r30, r6
    7f0c:	17 bf       	out	0x37, r17	; 55
    7f0e:	e8 95       	spm
    7f10:	66 d0       	rcall	.+204    	; 0x7fde <verifySpace>
    7f12:	07 b6       	in	r0, 0x37	; 55
    7f14:	00 fc       	sbrc	r0, 0
    7f16:	fd cf       	rjmp	.-6      	; 0x7f12 <main+0x112>
    7f18:	a3 01       	movw	r20, r6
    7f1a:	a0 e0       	ldi	r26, 0x00	; 0
    7f1c:	b1 e0       	ldi	r27, 0x01	; 1
    7f1e:	8c 91       	ld	r24, X
    7f20:	12 96       	adiw	r26, 0x02	; 2
    7f22:	9d 01       	movw	r18, r26
    7f24:	21 50       	subi	r18, 0x01	; 1
    7f26:	31 09       	sbc	r19, r1
    7f28:	f9 01       	movw	r30, r18
    7f2a:	20 81       	ld	r18, Z
    7f2c:	90 e0       	ldi	r25, 0x00	; 0
    7f2e:	92 2b       	or	r25, r18
    7f30:	fa 01       	movw	r30, r20
    7f32:	0c 01       	movw	r0, r24
    7f34:	e7 be       	out	0x37, r14	; 55
    7f36:	e8 95       	spm
    7f38:	11 24       	eor	r1, r1
    7f3a:	4e 5f       	subi	r20, 0xFE	; 254
    7f3c:	5f 4f       	sbci	r21, 0xFF	; 255
    7f3e:	a0 38       	cpi	r26, 0x80	; 128
    7f40:	f1 e0       	ldi	r31, 0x01	; 1
    7f42:	bf 07       	cpc	r27, r31
    7f44:	61 f7       	brne	.-40     	; 0x7f1e <main+0x11e>
    7f46:	f3 01       	movw	r30, r6
    7f48:	d7 be       	out	0x37, r13	; 55
    7f4a:	e8 95       	spm
    7f4c:	07 b6       	in	r0, 0x37	; 55
    7f4e:	00 fc       	sbrc	r0, 0
    7f50:	fd cf       	rjmp	.-6      	; 0x7f4c <main+0x14c>
    7f52:	c7 be       	out	0x37, r12	; 55
    7f54:	e8 95       	spm
    7f56:	2d c0       	rjmp	.+90     	; 0x7fb2 <main+0x1b2>
    7f58:	84 37       	cpi	r24, 0x74	; 116
    7f5a:	c1 f4       	brne	.+48     	; 0x7f8c <main+0x18c>
    7f5c:	34 d0       	rcall	.+104    	; 0x7fc6 <getch>
    7f5e:	33 d0       	rcall	.+102    	; 0x7fc6 <getch>
    7f60:	98 2e       	mov	r9, r24
    7f62:	31 d0       	rcall	.+98     	; 0x7fc6 <getch>
    7f64:	3c d0       	rcall	.+120    	; 0x7fde <verifySpace>
    7f66:	f3 01       	movw	r30, r6
    7f68:	86 2c       	mov	r8, r6
    7f6a:	89 0c       	add	r8, r9
    7f6c:	5f 01       	movw	r10, r30
    7f6e:	8f ef       	ldi	r24, 0xFF	; 255
    7f70:	a8 1a       	sub	r10, r24
    7f72:	b8 0a       	sbc	r11, r24
    7f74:	84 91       	lpm	r24, Z
    7f76:	20 d0       	rcall	.+64     	; 0x7fb8 <putch>
    7f78:	f5 01       	movw	r30, r10
    7f7a:	8a 10       	cpse	r8, r10
    7f7c:	f7 cf       	rjmp	.-18     	; 0x7f6c <main+0x16c>
    7f7e:	ef ef       	ldi	r30, 0xFF	; 255
    7f80:	6e 1a       	sub	r6, r30
    7f82:	7e 0a       	sbc	r7, r30
    7f84:	9a 94       	dec	r9
    7f86:	69 0c       	add	r6, r9
    7f88:	71 1c       	adc	r7, r1
    7f8a:	13 c0       	rjmp	.+38     	; 0x7fb2 <main+0x1b2>
    7f8c:	85 37       	cpi	r24, 0x75	; 117
    7f8e:	41 f4       	brne	.+16     	; 0x7fa0 <main+0x1a0>
    7f90:	26 d0       	rcall	.+76     	; 0x7fde <verifySpace>
    7f92:	8e e1       	ldi	r24, 0x1E	; 30
    7f94:	11 d0       	rcall	.+34     	; 0x7fb8 <putch>
    7f96:	85 e9       	ldi	r24, 0x95	; 149
    7f98:	0f d0       	rcall	.+30     	; 0x7fb8 <putch>
    7f9a:	8f e0       	ldi	r24, 0x0F	; 15
    7f9c:	0d d0       	rcall	.+26     	; 0x7fb8 <putch>
    7f9e:	09 c0       	rjmp	.+18     	; 0x7fb2 <main+0x1b2>
    7fa0:	81 35       	cpi	r24, 0x51	; 81
    7fa2:	31 f4       	brne	.+12     	; 0x7fb0 <main+0x1b0>
    7fa4:	00 93 60 00 	sts	0x0060, r16
    7fa8:	f0 92 60 00 	sts	0x0060, r15
    7fac:	18 d0       	rcall	.+48     	; 0x7fde <verifySpace>
    7fae:	01 c0       	rjmp	.+2      	; 0x7fb2 <main+0x1b2>
    7fb0:	16 d0       	rcall	.+44     	; 0x7fde <verifySpace>
    7fb2:	80 e1       	ldi	r24, 0x10	; 16
    7fb4:	01 d0       	rcall	.+2      	; 0x7fb8 <putch>
    7fb6:	59 cf       	rjmp	.-334    	; 0x7e6a <main+0x6a>

00007fb8 <putch>:
  }
}

void putch(char ch) {
#ifndef SOFT_UART
  while (!(UCSR0A & _BV(UDRE0)));
    7fb8:	90 91 c0 00 	lds	r25, 0x00C0
    7fbc:	95 ff       	sbrs	r25, 5
    7fbe:	fc cf       	rjmp	.-8      	; 0x7fb8 <putch>
  UDR0 = ch;
    7fc0:	80 93 c6 00 	sts	0x00C6, r24
    7fc4:	08 95       	ret

00007fc6 <getch>:
      [uartBit] "I" (UART_RX_BIT)
    :
      "r25"
);
#else
  while(!(UCSR0A & _BV(RXC0)))
    7fc6:	80 91 c0 00 	lds	r24, 0x00C0
    7fca:	87 ff       	sbrs	r24, 7
    7fcc:	fc cf       	rjmp	.-8      	; 0x7fc6 <getch>
    ;
  if (!(UCSR0A & _BV(FE0))) {
    7fce:	80 91 c0 00 	lds	r24, 0x00C0
    7fd2:	84 fd       	sbrc	r24, 4
    7fd4:	01 c0       	rjmp	.+2      	; 0x7fd8 <getch+0x12>
}
#endif

// Watchdog functions. These are only safe with interrupts turned off.
void watchdogReset() {
  __asm__ __volatile__ (
    7fd6:	a8 95       	wdr
       * don't care that an invalid char is returned...)
       */
    watchdogReset();
  }
  
  ch = UDR0;
    7fd8:	80 91 c6 00 	lds	r24, 0x00C6
  LED_PIN |= _BV(LED);
#endif
#endif

  return ch;
}
    7fdc:	08 95       	ret

00007fde <verifySpace>:
  do getch(); while (--count);
  verifySpace();
}

void verifySpace() {
  if (getch() != CRC_EOP) {
    7fde:	f3 df       	rcall	.-26     	; 0x7fc6 <getch>
    7fe0:	80 32       	cpi	r24, 0x20	; 32
    7fe2:	39 f0       	breq	.+14     	; 0x7ff2 <verifySpace+0x14>
    7fe4:	88 e1       	ldi	r24, 0x18	; 24
    "wdr\n"
  );
}

void watchdogConfig(uint8_t x) {
  WDTCSR = _BV(WDCE) | _BV(WDE);
    7fe6:	80 93 60 00 	sts	0x0060, r24
    7fea:	88 e0       	ldi	r24, 0x08	; 8
  WDTCSR = x;
    7fec:	80 93 60 00 	sts	0x0060, r24
    7ff0:	ff cf       	rjmp	.-2      	; 0x7ff0 <verifySpace+0x12>

void verifySpace() {
  if (getch() != CRC_EOP) {
    watchdogConfig(WATCHDOG_16MS);    // shorten WD timeout
    while (1)			      // and busy-loop so that WD causes
      ;				      //  a reset and app start.
    7ff2:	84 e1       	ldi	r24, 0x14	; 20
  }
  putch(STK_INSYNC);
    7ff4:	e1 cf       	rjmp	.-62     	; 0x7fb8 <putch>

00007ff6 <getNch>:
    ::[count] "M" (UART_B_VALUE)
  );
}
#endif

void getNch(uint8_t count) {
    7ff6:	cf 93       	push	r28
    7ff8:	c8 2f       	mov	r28, r24
  do getch(); while (--count);
    7ffa:	e5 df       	rcall	.-54     	; 0x7fc6 <getch>
    7ffc:	c1 50       	subi	r28, 0x01	; 1
    7ffe:	e9 f7       	brne	.-6      	; 0x7ffa <getNch+0x4>
    8000:	cf 91       	pop	r28
  verifySpace();
}
    8002:	ed cf       	rjmp	.-38     	; 0x7fde <verifySpace>

00008004 <watchdogConfig>:
    "wdr\n"
  );
}

void watchdogConfig(uint8_t x) {
  WDTCSR = _BV(WDCE) | _BV(WDE);
    8004:	e0 e6       	ldi	r30, 0x60	; 96
    8006:	f0 e0       	ldi	r31, 0x00	; 0
    8008:	98 e1       	ldi	r25, 0x18	; 24
    800a:	90 83       	st	Z, r25
  WDTCSR = x;
    800c:	80 83       	st	Z, r24
    800e:	08 95       	ret

00008010 <appStart>:
    "wdr\n"
  );
}

void watchdogConfig(uint8_t x) {
  WDTCSR = _BV(WDCE) | _BV(WDE);
    8010:	e0 e6       	ldi	r30, 0x60	; 96
    8012:	f0 e0       	ldi	r31, 0x00	; 0
    8014:	88 e1       	ldi	r24, 0x18	; 24
    8016:	80 83       	st	Z, r24
  WDTCSR = x;
    8018:	10 82       	st	Z, r1
}

void appStart() {
  watchdogConfig(WATCHDOG_OFF);
  __asm__ __volatile__ (
    801a:	ee 27       	eor	r30, r30
    801c:	ff 27       	eor	r31, r31
    801e:	09 94       	ijmp
